[debug] [2020-04-18T12:01:29.175Z] ----------------------------------------------------------------------
[debug] [2020-04-18T12:01:29.177Z] Command:       C:\Program Files\nodejs\node.exe C:\Users\billwen\AppData\Roaming\npm\node_modules\firebase-tools\lib\bin\firebase.js login
[debug] [2020-04-18T12:01:29.178Z] CLI Version:   8.1.1
[debug] [2020-04-18T12:01:29.178Z] Platform:      win32
[debug] [2020-04-18T12:01:29.178Z] Node Version:  v10.16.3
[debug] [2020-04-18T12:01:29.179Z] Time:          Sat Apr 18 2020 20:01:29 GMT+0800 (GMT+08:00)
[debug] [2020-04-18T12:01:29.179Z] ----------------------------------------------------------------------
[debug] [2020-04-18T12:01:29.179Z] 
[info] i  Firebase optionally collects CLI usage and error reporting information to help improve our products. Data is collected in accordance with Google's privacy policy (https://policies.google.com/privacy) and is not used to identify you.

[info] i  To change your data collection preference at any time, run `firebase logout` and log in again.
[info] 
[info] Visit this URL on this device to log in:
[info] https://accounts.google.com/o/oauth2/auth?client_id=563584335869-fgrhgmd47bqnekij5i8b5pr03ho849e6.apps.googleusercontent.com&scope=email%20openid%20https%3A%2F%2Fwww.googleapis.com%2Fauth%2Fcloudplatformprojects.readonly%20https%3A%2F%2Fwww.googleapis.com%2Fauth%2Ffirebase%20https%3A%2F%2Fwww.googleapis.com%2Fauth%2Fcloud-platform&response_type=code&state=1021078347&redirect_uri=http%3A%2F%2Flocalhost%3A9005
[info] 
[info] Waiting for authentication...
[debug] [2020-04-18T12:02:22.416Z] >>> HTTP REQUEST POST https://accounts.google.com/o/oauth2/token  
 {"code":"4/ywHzaObw5yR6hPbutU6LJf9Mdcl7TyxzSQ-D_ysRXpPna973Kn_U6eo0ERhLvobtzw9QN4VknolvTlsJuMI_0sY","client_id":"563584335869-fgrhgmd47bqnekij5i8b5pr03ho849e6.apps.googleusercontent.com","client_secret":"j9iVZfS8kkCEFUPaAeJV0sAi","redirect_uri":"http://localhost:9005","grant_type":"authorization_code"}
[debug] [2020-04-18T12:02:43.453Z] Token Fetch Error: FirebaseError: Server Error. connect ETIMEDOUT 216.58.200.237:443
    at Request._callback (C:\Users\billwen\AppData\Roaming\npm\node_modules\firebase-tools\lib\api.js:32:31)
    at self.callback (C:\Users\billwen\AppData\Roaming\npm\node_modules\firebase-tools\node_modules\request\request.js:185:22)
    at Request.emit (events.js:198:13)
    at Request.EventEmitter.emit (domain.js:448:20)
    at Request.onRequestError (C:\Users\billwen\AppData\Roaming\npm\node_modules\firebase-tools\node_modules\request\request.js:877:8)
    at ClientRequest.emit (events.js:198:13)
    at ClientRequest.EventEmitter.emit (domain.js:448:20)
    at TLSSocket.socketErrorListener (_http_client.js:392:9)
    at TLSSocket.emit (events.js:198:13)
    at TLSSocket.EventEmitter.emit (domain.js:448:20)
    at emitErrorNT (internal/streams/destroy.js:91:8)
    at emitErrorAndCloseNT (internal/streams/destroy.js:59:3)
    at process._tickCallback (internal/process/next_tick.js:63:19)
[debug] [2020-04-18T12:03:33.544Z] >>> HTTP REQUEST POST https://accounts.google.com/o/oauth2/token  
 {"code":"4/ywG2OBVCEGwOAol-9YzbZb2sB1uILU1l-0Ghwty0PSTv5UEqh4biKangJCjB3OiuO6YyJAc7bRVLW3CqlwtmAns","client_id":"563584335869-fgrhgmd47bqnekij5i8b5pr03ho849e6.apps.googleusercontent.com","client_secret":"j9iVZfS8kkCEFUPaAeJV0sAi","redirect_uri":"http://localhost:9005","grant_type":"authorization_code"}
[debug] [2020-04-18T12:03:54.573Z] Token Fetch Error: FirebaseError: Server Error. connect ETIMEDOUT 216.58.200.237:443
    at Request._callback (C:\Users\billwen\AppData\Roaming\npm\node_modules\firebase-tools\lib\api.js:32:31)
    at self.callback (C:\Users\billwen\AppData\Roaming\npm\node_modules\firebase-tools\node_modules\request\request.js:185:22)
    at Request.emit (events.js:198:13)
    at Request.EventEmitter.emit (domain.js:448:20)
    at Request.onRequestError (C:\Users\billwen\AppData\Roaming\npm\node_modules\firebase-tools\node_modules\request\request.js:877:8)
    at ClientRequest.emit (events.js:198:13)
    at ClientRequest.EventEmitter.emit (domain.js:448:20)
    at TLSSocket.socketErrorListener (_http_client.js:392:9)
    at TLSSocket.emit (events.js:198:13)
    at TLSSocket.EventEmitter.emit (domain.js:448:20)
    at emitErrorNT (internal/streams/destroy.js:91:8)
    at emitErrorAndCloseNT (internal/streams/destroy.js:59:3)
    at process._tickCallback (internal/process/next_tick.js:63:19)
[debug] [2020-04-18T12:04:21.585Z] ----------------------------------------------------------------------
[debug] [2020-04-18T12:04:21.587Z] Command:       C:\Program Files\nodejs\node.exe C:\Users\billwen\AppData\Roaming\npm\node_modules\firebase-tools\lib\bin\firebase.js login
[debug] [2020-04-18T12:04:21.588Z] CLI Version:   8.1.1
[debug] [2020-04-18T12:04:21.588Z] Platform:      win32
[debug] [2020-04-18T12:04:21.588Z] Node Version:  v10.16.3
[debug] [2020-04-18T12:04:21.589Z] Time:          Sat Apr 18 2020 20:04:21 GMT+0800 (GMT+08:00)
[debug] [2020-04-18T12:04:21.589Z] ----------------------------------------------------------------------
[debug] [2020-04-18T12:04:21.589Z] 
[info] i  Firebase optionally collects CLI usage and error reporting information to help improve our products. Data is collected in accordance with Google's privacy policy (https://policies.google.com/privacy) and is not used to identify you.

[info] i  To change your data collection preference at any time, run `firebase logout` and log in again.
[info] 
[info] Visit this URL on this device to log in:
[info] https://accounts.google.com/o/oauth2/auth?client_id=563584335869-fgrhgmd47bqnekij5i8b5pr03ho849e6.apps.googleusercontent.com&scope=email%20openid%20https%3A%2F%2Fwww.googleapis.com%2Fauth%2Fcloudplatformprojects.readonly%20https%3A%2F%2Fwww.googleapis.com%2Fauth%2Ffirebase%20https%3A%2F%2Fwww.googleapis.com%2Fauth%2Fcloud-platform&response_type=code&state=396055475&redirect_uri=http%3A%2F%2Flocalhost%3A9005
[info] 
[info] Waiting for authentication...
[debug] [2020-04-18T12:04:39.085Z] >>> HTTP REQUEST POST https://accounts.google.com/o/oauth2/token  
 {"code":"4/ywF5_BiAh-hn_qIupwSbRPKtNcjPdoquVQ-Tj008fkjYmVWDJ42vg-9LJU4ejMJZ6DA0dZadiqnZY6OYTclp_Os","client_id":"563584335869-fgrhgmd47bqnekij5i8b5pr03ho849e6.apps.googleusercontent.com","client_secret":"j9iVZfS8kkCEFUPaAeJV0sAi","redirect_uri":"http://localhost:9005","grant_type":"authorization_code"}
[debug] [2020-04-18T12:05:00.090Z] Token Fetch Error: FirebaseError: Server Error. connect ETIMEDOUT 216.58.200.237:443
    at Request._callback (C:\Users\billwen\AppData\Roaming\npm\node_modules\firebase-tools\lib\api.js:32:31)
    at self.callback (C:\Users\billwen\AppData\Roaming\npm\node_modules\firebase-tools\node_modules\request\request.js:185:22)
    at Request.emit (events.js:198:13)
    at Request.EventEmitter.emit (domain.js:448:20)
    at Request.onRequestError (C:\Users\billwen\AppData\Roaming\npm\node_modules\firebase-tools\node_modules\request\request.js:877:8)
    at ClientRequest.emit (events.js:198:13)
    at ClientRequest.EventEmitter.emit (domain.js:448:20)
    at TLSSocket.socketErrorListener (_http_client.js:392:9)
    at TLSSocket.emit (events.js:198:13)
    at TLSSocket.EventEmitter.emit (domain.js:448:20)
    at emitErrorNT (internal/streams/destroy.js:91:8)
    at emitErrorAndCloseNT (internal/streams/destroy.js:59:3)
    at process._tickCallback (internal/process/next_tick.js:63:19)
[debug] [2020-04-18T12:06:34.616Z] ----------------------------------------------------------------------
[debug] [2020-04-18T12:06:34.619Z] Command:       C:\Program Files\nodejs\node.exe C:\Users\billwen\AppData\Roaming\npm\node_modules\firebase-tools\lib\bin\firebase.js login
[debug] [2020-04-18T12:06:34.620Z] CLI Version:   8.1.1
[debug] [2020-04-18T12:06:34.620Z] Platform:      win32
[debug] [2020-04-18T12:06:34.620Z] Node Version:  v10.16.3
[debug] [2020-04-18T12:06:34.621Z] Time:          Sat Apr 18 2020 20:06:34 GMT+0800 (GMT+08:00)
[debug] [2020-04-18T12:06:34.621Z] ----------------------------------------------------------------------
[debug] [2020-04-18T12:06:34.621Z] 
[info] i  Firebase optionally collects CLI usage and error reporting information to help improve our products. Data is collected in accordance with Google's privacy policy (https://policies.google.com/privacy) and is not used to identify you.

[info] 
[info] Visit this URL on this device to log in:
[info] https://accounts.google.com/o/oauth2/auth?client_id=563584335869-fgrhgmd47bqnekij5i8b5pr03ho849e6.apps.googleusercontent.com&scope=email%20openid%20https%3A%2F%2Fwww.googleapis.com%2Fauth%2Fcloudplatformprojects.readonly%20https%3A%2F%2Fwww.googleapis.com%2Fauth%2Ffirebase%20https%3A%2F%2Fwww.googleapis.com%2Fauth%2Fcloud-platform&response_type=code&state=230700629&redirect_uri=http%3A%2F%2Flocalhost%3A9005
[info] 
[info] Waiting for authentication...
[debug] [2020-04-18T12:06:50.681Z] >>> HTTP REQUEST POST https://accounts.google.com/o/oauth2/token  
 {"code":"4/ywGChMR79Z_2EwP_BqyU25GiQhKECxkeV5ab133Cxiqi4ExBZLtYIXcJEYMDxS_kTdFZyt7faHY5SuSVEY2HTkA","client_id":"563584335869-fgrhgmd47bqnekij5i8b5pr03ho849e6.apps.googleusercontent.com","client_secret":"j9iVZfS8kkCEFUPaAeJV0sAi","redirect_uri":"http://localhost:9005","grant_type":"authorization_code"}
[debug] [2020-04-18T12:07:11.705Z] Token Fetch Error: FirebaseError: Server Error. connect ETIMEDOUT 216.58.200.237:443
    at Request._callback (C:\Users\billwen\AppData\Roaming\npm\node_modules\firebase-tools\lib\api.js:32:31)
    at self.callback (C:\Users\billwen\AppData\Roaming\npm\node_modules\firebase-tools\node_modules\request\request.js:185:22)
    at Request.emit (events.js:198:13)
    at Request.EventEmitter.emit (domain.js:448:20)
    at Request.onRequestError (C:\Users\billwen\AppData\Roaming\npm\node_modules\firebase-tools\node_modules\request\request.js:877:8)
    at ClientRequest.emit (events.js:198:13)
    at ClientRequest.EventEmitter.emit (domain.js:448:20)
    at TLSSocket.socketErrorListener (_http_client.js:392:9)
    at TLSSocket.emit (events.js:198:13)
    at TLSSocket.EventEmitter.emit (domain.js:448:20)
    at emitErrorNT (internal/streams/destroy.js:91:8)
    at emitErrorAndCloseNT (internal/streams/destroy.js:59:3)
    at process._tickCallback (internal/process/next_tick.js:63:19)
[debug] [2020-04-18T12:16:08.981Z] ----------------------------------------------------------------------
[debug] [2020-04-18T12:16:08.984Z] Command:       C:\Program Files\nodejs\node.exe C:\Users\billwen\AppData\Roaming\npm\node_modules\firebase-tools\lib\bin\firebase.js --debug login
[debug] [2020-04-18T12:16:08.984Z] CLI Version:   8.1.1
[debug] [2020-04-18T12:16:08.984Z] Platform:      win32
[debug] [2020-04-18T12:16:08.984Z] Node Version:  v10.16.3
[debug] [2020-04-18T12:16:08.985Z] Time:          Sat Apr 18 2020 20:16:08 GMT+0800 (GMT+08:00)
[debug] [2020-04-18T12:16:08.985Z] ----------------------------------------------------------------------
[debug] [2020-04-18T12:16:08.985Z] 
[info] i  Firebase optionally collects CLI usage and error reporting information to help improve our products. Data is collected in accordance with Google's privacy policy (https://policies.google.com/privacy) and is not used to identify you.

[info] 
[info] Visit this URL on this device to log in:
[info] https://accounts.google.com/o/oauth2/auth?client_id=563584335869-fgrhgmd47bqnekij5i8b5pr03ho849e6.apps.googleusercontent.com&scope=email%20openid%20https%3A%2F%2Fwww.googleapis.com%2Fauth%2Fcloudplatformprojects.readonly%20https%3A%2F%2Fwww.googleapis.com%2Fauth%2Ffirebase%20https%3A%2F%2Fwww.googleapis.com%2Fauth%2Fcloud-platform&response_type=code&state=129416795&redirect_uri=http%3A%2F%2Flocalhost%3A9005
[info] 
[info] Waiting for authentication...
[debug] [2020-04-18T12:34:23.116Z] >>> HTTP REQUEST POST https://accounts.google.com/o/oauth2/token  
 {"code":"4/ywFJsllhP6lcrBOWx3Q6H0gdslm199LRicgJDHjkXHg8q1HDbnbAeWqo9yNTjiB6qrGz4WT4pntQzEAYrA4dUq0","client_id":"563584335869-fgrhgmd47bqnekij5i8b5pr03ho849e6.apps.googleusercontent.com","client_secret":"j9iVZfS8kkCEFUPaAeJV0sAi","redirect_uri":"http://localhost:9005","grant_type":"authorization_code"}
[debug] [2020-04-18T12:34:44.277Z] Token Fetch Error: FirebaseError: Server Error. connect ETIMEDOUT 216.58.200.237:443
    at Request._callback (C:\Users\billwen\AppData\Roaming\npm\node_modules\firebase-tools\lib\api.js:32:31)
    at self.callback (C:\Users\billwen\AppData\Roaming\npm\node_modules\firebase-tools\node_modules\request\request.js:185:22)
    at Request.emit (events.js:198:13)
    at Request.EventEmitter.emit (domain.js:448:20)
    at Request.onRequestError (C:\Users\billwen\AppData\Roaming\npm\node_modules\firebase-tools\node_modules\request\request.js:877:8)
    at ClientRequest.emit (events.js:198:13)
    at ClientRequest.EventEmitter.emit (domain.js:448:20)
    at TLSSocket.socketErrorListener (_http_client.js:392:9)
    at TLSSocket.emit (events.js:198:13)
    at TLSSocket.EventEmitter.emit (domain.js:448:20)
    at emitErrorNT (internal/streams/destroy.js:91:8)
    at emitErrorAndCloseNT (internal/streams/destroy.js:59:3)
    at process._tickCallback (internal/process/next_tick.js:63:19)
[debug] [2020-04-18T12:38:12.197Z] ----------------------------------------------------------------------
[debug] [2020-04-18T12:38:12.200Z] Command:       C:\Program Files\nodejs\node.exe C:\Users\billwen\AppData\Roaming\npm\node_modules\firebase-tools\lib\bin\firebase.js --debug login
[debug] [2020-04-18T12:38:12.200Z] CLI Version:   8.1.1
[debug] [2020-04-18T12:38:12.200Z] Platform:      win32
[debug] [2020-04-18T12:38:12.201Z] Node Version:  v10.16.3
[debug] [2020-04-18T12:38:12.201Z] Time:          Sat Apr 18 2020 20:38:12 GMT+0800 (GMT+08:00)
[debug] [2020-04-18T12:38:12.201Z] ----------------------------------------------------------------------
[debug] [2020-04-18T12:38:12.202Z] 
[info] i  Firebase optionally collects CLI usage and error reporting information to help improve our products. Data is collected in accordance with Google's privacy policy (https://policies.google.com/privacy) and is not used to identify you.

[info] 
[info] Visit this URL on this device to log in:
[info] https://accounts.google.com/o/oauth2/auth?client_id=563584335869-fgrhgmd47bqnekij5i8b5pr03ho849e6.apps.googleusercontent.com&scope=email%20openid%20https%3A%2F%2Fwww.googleapis.com%2Fauth%2Fcloudplatformprojects.readonly%20https%3A%2F%2Fwww.googleapis.com%2Fauth%2Ffirebase%20https%3A%2F%2Fwww.googleapis.com%2Fauth%2Fcloud-platform&response_type=code&state=481049815&redirect_uri=http%3A%2F%2Flocalhost%3A9005
[info] 
[info] Waiting for authentication...
[debug] [2020-04-18T12:38:51.354Z] >>> HTTP REQUEST POST https://accounts.google.com/o/oauth2/token  
 {"code":"4/ywHF9G5GTyNaxszu7Cv_C5Xbd2WVic0yb5s-FKfDbu1SoF0lxeztUgPswCgF0CQDoO3RccGbRt__fX8lUYDcbZU","client_id":"563584335869-fgrhgmd47bqnekij5i8b5pr03ho849e6.apps.googleusercontent.com","client_secret":"j9iVZfS8kkCEFUPaAeJV0sAi","redirect_uri":"http://localhost:9005","grant_type":"authorization_code"}
[debug] [2020-04-18T12:39:12.393Z] Token Fetch Error: FirebaseError: Server Error. connect ETIMEDOUT 216.58.200.237:443
    at Request._callback (C:\Users\billwen\AppData\Roaming\npm\node_modules\firebase-tools\lib\api.js:32:31)
    at self.callback (C:\Users\billwen\AppData\Roaming\npm\node_modules\firebase-tools\node_modules\request\request.js:185:22)
    at Request.emit (events.js:198:13)
    at Request.EventEmitter.emit (domain.js:448:20)
    at Request.onRequestError (C:\Users\billwen\AppData\Roaming\npm\node_modules\firebase-tools\node_modules\request\request.js:877:8)
    at ClientRequest.emit (events.js:198:13)
    at ClientRequest.EventEmitter.emit (domain.js:448:20)
    at TLSSocket.socketErrorListener (_http_client.js:392:9)
    at TLSSocket.emit (events.js:198:13)
    at TLSSocket.EventEmitter.emit (domain.js:448:20)
    at emitErrorNT (internal/streams/destroy.js:91:8)
    at emitErrorAndCloseNT (internal/streams/destroy.js:59:3)
    at process._tickCallback (internal/process/next_tick.js:63:19)
